[    0.000000] Initializing cgroup subsys cpuset
[    0.000000] Initializing cgroup subsys cpu
[    0.000000] Initializing cgroup subsys cpuacct
[    0.000000] Linux version 4.4.0-176-generic (buildd@lgw01-amd64-035) (gcc version 5.4.0 20160609 (Ubuntu 5.4.0-6ubuntu1~16.04.12) ) #206-Ubuntu SMP Fri Feb 28 05:02:04 UTC 2020 (Ubuntu 4.4.0-176.206-generic 4.4.211)
[    0.000000] Command line: BOOT_IMAGE=/boot/vmlinuz-4.4.0-176-generic root=LABEL=cloudimg-rootfs ro console=tty1 console=ttyS0
[    0.000000] KERNEL supported cpus:
[    0.000000]   Intel GenuineIntel
[    0.000000]   AMD AuthenticAMD
[    0.000000]   Centaur CentaurHauls
[    0.000000] x86/fpu: xstate_offset[2]:  576, xstate_sizes[2]:  256
[    0.000000] x86/fpu: Supporting XSAVE feature 0x01: 'x87 floating point registers'
[    0.000000] x86/fpu: Supporting XSAVE feature 0x02: 'SSE registers'
[    0.000000] x86/fpu: Supporting XSAVE feature 0x04: 'AVX registers'
[    0.000000] x86/fpu: Enabled xstate features 0x7, context size is 832 bytes, using 'standard' format.
[    0.000000] e820: BIOS-provided physical RAM map:
[    0.000000] BIOS-e820: [mem 0x0000000000000000-0x000000000009fbff] usable
[    0.000000] BIOS-e820: [mem 0x000000000009fc00-0x000000000009ffff] reserved
[    0.000000] BIOS-e820: [mem 0x00000000000f0000-0x00000000000fffff] reserved
[    0.000000] BIOS-e820: [mem 0x0000000000100000-0x000000003ffeffff] usable
[    0.000000] BIOS-e820: [mem 0x000000003fff0000-0x000000003fffffff] ACPI data
[    0.000000] BIOS-e820: [mem 0x00000000fec00000-0x00000000fec00fff] reserved
[    0.000000] BIOS-e820: [mem 0x00000000fee00000-0x00000000fee00fff] reserved
[    0.000000] BIOS-e820: [mem 0x00000000fffc0000-0x00000000ffffffff] reserved
[    0.000000] NX (Execute Disable) protection: active
[    0.000000] SMBIOS 2.5 present.
[    0.000000] Hypervisor detected: KVM
[    0.000000] e820: last_pfn = 0x3fff0 max_arch_pfn = 0x400000000
[    0.000000] MTRR: Disabled
[    0.000000] x86/PAT: MTRRs disabled, skipping PAT initialization too.
[    0.000000] CPU MTRRs all blank - virtualized system.
[    0.000000] x86/PAT: Configuration [0-7]: WB  WT  UC- UC  WB  WT  UC- UC  
[    0.000000] found SMP MP-table at [mem 0x0009fff0-0x0009ffff] mapped at [ffff88000009fff0]
[    0.000000] Scanning 1 areas for low memory corruption
[    0.000000] RAMDISK: [mem 0x362e0000-0x37167fff]
[    0.000000] ACPI: Early table checksum verification disabled
[    0.000000] ACPI: RSDP 0x00000000000E0000 000024 (v02 VBOX  )
[    0.000000] ACPI: XSDT 0x000000003FFF0030 00003C (v01 VBOX   VBOXXSDT 00000001 ASL  00000061)
[    0.000000] ACPI: FACP 0x000000003FFF00F0 0000F4 (v04 VBOX   VBOXFACP 00000001 ASL  00000061)
[    0.000000] ACPI: DSDT 0x000000003FFF0470 002325 (v02 VBOX   VBOXBIOS 00000002 INTL 20100528)
[    0.000000] ACPI: FACS 0x000000003FFF0200 000040
[    0.000000] ACPI: FACS 0x000000003FFF0200 000040
[    0.000000] ACPI: APIC 0x000000003FFF0240 00005C (v02 VBOX   VBOXAPIC 00000001 ASL  00000061)
[    0.000000] ACPI: SSDT 0x000000003FFF02A0 0001CC (v01 VBOX   VBOXCPUT 00000002 INTL 20100528)
[    0.000000] No NUMA configuration found
[    0.000000] Faking a node at [mem 0x0000000000000000-0x000000003ffeffff]
[    0.000000] NODE_DATA(0) allocated [mem 0x3ffeb000-0x3ffeffff]
[    0.000000] kvm-clock: Using msrs 4b564d01 and 4b564d00
[    0.000000] kvm-clock: cpu 0, msr 0:3ffe3001, primary cpu clock
[    0.000000] kvm-clock: using sched offset of 5069925037 cycles
[    0.000000] clocksource: kvm-clock: mask: 0xffffffffffffffff max_cycles: 0x1cd42e4dffb, max_idle_ns: 881590591483 ns
[    0.000000] Zone ranges:
[    0.000000]   DMA      [mem 0x0000000000001000-0x0000000000ffffff]
[    0.000000]   DMA32    [mem 0x0000000001000000-0x000000003ffeffff]
[    0.000000]   Normal   empty
[    0.000000]   Device   empty
[    0.000000] Movable zone start for each node
[    0.000000] Early memory node ranges
[    0.000000]   node   0: [mem 0x0000000000001000-0x000000000009efff]
[    0.000000]   node   0: [mem 0x0000000000100000-0x000000003ffeffff]
[    0.000000] Initmem setup node 0 [mem 0x0000000000001000-0x000000003ffeffff]
[    0.000000] ACPI: PM-Timer IO Port: 0x4008
[    0.000000] IOAPIC[0]: apic_id 2, version 32, address 0xfec00000, GSI 0-23
[    0.000000] ACPI: INT_SRC_OVR (bus 0 bus_irq 0 global_irq 2 dfl dfl)
[    0.000000] ACPI: INT_SRC_OVR (bus 0 bus_irq 9 global_irq 9 low level)
[    0.000000] Using ACPI (MADT) for SMP configuration information
[    0.000000] smpboot: Allowing 2 CPUs, 0 hotplug CPUs
[    0.000000] PM: Registered nosave memory: [mem 0x00000000-0x00000fff]
[    0.000000] PM: Registered nosave memory: [mem 0x0009f000-0x0009ffff]
[    0.000000] PM: Registered nosave memory: [mem 0x000a0000-0x000effff]
[    0.000000] PM: Registered nosave memory: [mem 0x000f0000-0x000fffff]
[    0.000000] e820: [mem 0x40000000-0xfebfffff] available for PCI devices
[    0.000000] Booting paravirtualized kernel on KVM
[    0.000000] clocksource: refined-jiffies: mask: 0xffffffff max_cycles: 0xffffffff, max_idle_ns: 7645519600211568 ns
[    0.000000] setup_percpu: NR_CPUS:512 nr_cpumask_bits:512 nr_cpu_ids:2 nr_node_ids:1
[    0.000000] PERCPU: Embedded 33 pages/cpu @ffff88003fc00000 s95448 r8192 d31528 u1048576
[    0.000000] Built 1 zonelists in Node order, mobility grouping on.  Total pages: 257912
[    0.000000] Policy zone: DMA32
[    0.000000] Kernel command line: BOOT_IMAGE=/boot/vmlinuz-4.4.0-176-generic root=LABEL=cloudimg-rootfs ro console=tty1 console=ttyS0
[    0.000000] PID hash table entries: 4096 (order: 3, 32768 bytes)
[    0.000000] Memory: 997672K/1048120K available (8626K kernel code, 1336K rwdata, 4032K rodata, 1488K init, 1292K bss, 50448K reserved, 0K cma-reserved)
[    0.000000] SLUB: HWalign=64, Order=0-3, MinObjects=0, CPUs=2, Nodes=1
[    0.000000] Kernel/User page tables isolation: enabled
[    0.000000] Hierarchical RCU implementation.
[    0.000000] 	Build-time adjustment of leaf fanout to 64.
[    0.000000] 	RCU restricting CPUs from NR_CPUS=512 to nr_cpu_ids=2.
[    0.000000] RCU: Adjusting geometry for rcu_fanout_leaf=64, nr_cpu_ids=2
[    0.000000] NR_IRQS:33024 nr_irqs:440 16
[    0.000000] Console: colour VGA+ 80x25
[    0.000000] console [tty1] enabled
[    0.000000] console [ttyS0] enabled
[    0.000000] tsc: Detected 1599.999 MHz processor
[    0.385656] Calibrating delay loop (skipped) preset value.. 3199.99 BogoMIPS (lpj=6399996)
[    0.391896] pid_max: default: 32768 minimum: 301
[    0.404348] ACPI: Core revision 20150930
[    0.413685] ACPI: 2 ACPI AML tables successfully acquired and loaded
[    0.416624] Security Framework initialized
[    0.418519] Yama: becoming mindful.
[    0.420279] AppArmor: AppArmor initialized
[    0.422136] Dentry cache hash table entries: 131072 (order: 8, 1048576 bytes)
[    0.426846] Inode-cache hash table entries: 65536 (order: 7, 524288 bytes)
[    0.429512] Mount-cache hash table entries: 2048 (order: 2, 16384 bytes)
[    0.432081] Mountpoint-cache hash table entries: 2048 (order: 2, 16384 bytes)
[    0.436037] Initializing cgroup subsys io
[    0.437967] Initializing cgroup subsys memory
[    0.439961] Initializing cgroup subsys devices
[    0.441847] Initializing cgroup subsys freezer
[    0.450395] Initializing cgroup subsys net_cls
[    0.458835] Initializing cgroup subsys perf_event
[    0.465317] Initializing cgroup subsys net_prio
[    0.475423] Initializing cgroup subsys hugetlb
[    0.477139] Initializing cgroup subsys pids
[    0.480790] mce: CPU supports 0 MCE banks
[    0.482362] Last level iTLB entries: 4KB 64, 2MB 8, 4MB 8
[    0.484705] Last level dTLB entries: 4KB 64, 2MB 0, 4MB 0, 1GB 4
[    0.487175] Spectre V1 : Mitigation: usercopy/swapgs barriers and __user pointer sanitization
[    0.492234] Spectre V2 : Mitigation: Full generic retpoline
[    0.496814] Spectre V2 : Spectre v2 / SpectreRSB mitigation: Filling RSB on context switch
[    0.503982] Speculative Store Bypass: Vulnerable
[    0.507727] MDS: Mitigation: Clear CPU buffers
[    0.516277] Freeing SMP alternatives memory: 36K
[    0.528663] ftrace: allocating 32305 entries in 127 pages
[    0.627008] smpboot: APIC(0) Converting physical 0 to logical package 0
[    0.630447] smpboot: Max logical packages: 1
[    0.632991] x2apic enabled
[    0.634640] Switched APIC routing to physical x2apic.
[    0.639285] ..TIMER: vector=0x30 apic1=0 pin1=2 apic2=-1 pin2=-1
[    0.750656] smpboot: CPU0: Intel(R) Core(TM) i5-5250U CPU @ 1.60GHz (family: 0x6, model: 0x3d, stepping: 0x4)
[    0.756120] Performance Events: unsupported p6 CPU model 61 no PMU driver, software events only.
[    0.777522] KVM setup paravirtual spinlock
[    0.800274] x86: Booting SMP configuration:
[    0.806474] .... node  #0, CPUs:      #1
[    0.808951] kvm-clock: cpu 1, msr 0:3ffe3041, secondary cpu clock
[    0.819629] mce: CPU supports 0 MCE banks
[    0.823290] x86: Booted up 1 node, 2 CPUs
[    0.826065] smpboot: Total of 2 processors activated (6399.99 BogoMIPS)
[    0.831613] devtmpfs: initialized
[    0.835802] evm: security.selinux
[    0.845138] evm: security.SMACK64
[    0.859264] evm: security.SMACK64EXEC
[    0.865827] evm: security.SMACK64TRANSMUTE
[    0.879397] evm: security.SMACK64MMAP
[    0.893127] evm: security.ima
[    0.907100] evm: security.capability
[    0.932265] clocksource: jiffies: mask: 0xffffffff max_cycles: 0xffffffff, max_idle_ns: 7645041785100000 ns
[    0.951928] futex hash table entries: 512 (order: 3, 32768 bytes)
[    0.960058] pinctrl core: initialized pinctrl subsystem
[    0.964904] RTC time: 10:33:49, date: 04/23/20
[    0.969559] NET: Registered protocol family 16
[    0.986912] cpuidle: using governor ladder
[    1.014243] cpuidle: using governor menu
[    1.034331] PCCT header not found.
[    1.036456] ACPI: bus type PCI registered
[    1.040133] acpiphp: ACPI Hot Plug PCI Controller Driver version: 0.5
[    1.043462] PCI: Using configuration type 1 for base access
[    1.062614] ACPI: Added _OSI(Module Device)
[    1.064763] ACPI: Added _OSI(Processor Device)
[    1.072950] ACPI: Added _OSI(3.0 _SCP Extensions)
[    1.079106] ACPI: Added _OSI(Processor Aggregator Device)
[    1.083681] ACPI: Executed 1 blocks of module-level executable AML code
[    1.089574] ACPI: Interpreter enabled
[    1.091827] ACPI: (supports S0 S5)
[    1.093431] ACPI: Using IOAPIC for interrupt routing
[    1.099402] PCI: Using host bridge windows from ACPI; if necessary, use "pci=nocrs" and report a bug
[    1.111874] ACPI: PCI Root Bridge [PCI0] (domain 0000 [bus 00-ff])
[    1.124803] acpi PNP0A03:00: _OSC: OS supports [ASPM ClockPM Segments MSI]
[    1.135356] acpi PNP0A03:00: _OSC: not requesting OS control; OS requires [ExtendedConfig ASPM ClockPM MSI]
[    1.149700] acpi PNP0A03:00: fail to add MMCONFIG information, can't access extended PCI configuration space under this bridge.
[    1.159220] PCI host bridge to bus 0000:00
[    1.161838] pci_bus 0000:00: root bus resource [io  0x0000-0x0cf7 window]
[    1.165029] pci_bus 0000:00: root bus resource [io  0x0d00-0xffff window]
[    1.168248] pci_bus 0000:00: root bus resource [mem 0x000a0000-0x000bffff window]
[    1.172323] pci_bus 0000:00: root bus resource [mem 0x40000000-0xfdffffff window]
[    1.175325] pci_bus 0000:00: root bus resource [bus 00-ff]
[    1.182917] pci 0000:00:01.1: legacy IDE quirk: reg 0x10: [io  0x01f0-0x01f7]
[    1.192045] pci 0000:00:01.1: legacy IDE quirk: reg 0x14: [io  0x03f6]
[    1.196347] pci 0000:00:01.1: legacy IDE quirk: reg 0x18: [io  0x0170-0x0177]
[    1.202560] pci 0000:00:01.1: legacy IDE quirk: reg 0x1c: [io  0x0376]
[    1.250351] pci 0000:00:07.0: quirk: [io  0x4000-0x403f] claimed by PIIX4 ACPI
[    1.257647] pci 0000:00:07.0: quirk: [io  0x4100-0x410f] claimed by PIIX4 SMB
[    1.292366] ACPI: PCI Interrupt Link [LNKA] (IRQs 5 9 10 *11)
[    1.295974] ACPI: PCI Interrupt Link [LNKB] (IRQs 5 9 *10 11)
[    1.299087] ACPI: PCI Interrupt Link [LNKC] (IRQs 5 *9 10 11)
[    1.301825] ACPI: PCI Interrupt Link [LNKD] (IRQs 5 9 10 *11)
[    1.306625] ACPI: Enabled 2 GPEs in block 00 to 07
[    1.309427] vgaarb: setting as boot device: PCI:0000:00:02.0
[    1.311536] vgaarb: device added: PCI:0000:00:02.0,decodes=io+mem,owns=io+mem,locks=none
[    1.315102] vgaarb: loaded
[    1.316581] vgaarb: bridge control possible 0000:00:02.0
[    1.320042] SCSI subsystem initialized
[    1.325118] ACPI: bus type USB registered
[    1.327925] usbcore: registered new interface driver usbfs
[    1.330901] usbcore: registered new interface driver hub
[    1.334280] usbcore: registered new device driver usb
[    1.340993] PCI: Using ACPI for IRQ routing
[    1.348762] NetLabel: Initializing
[    1.350730] NetLabel:  domain hash size = 128
[    1.352892] NetLabel:  protocols = UNLABELED CIPSOv4
[    1.355338] NetLabel:  unlabeled traffic allowed by default
[    1.357955] amd_nb: Cannot enumerate AMD northbridges
[    1.360116] clocksource: Switched to clocksource kvm-clock
[    1.373240] AppArmor: AppArmor Filesystem Enabled
[    1.375347] pnp: PnP ACPI init
[    1.379467] pnp: PnP ACPI: found 3 devices
[    1.401560] clocksource: acpi_pm: mask: 0xffffff max_cycles: 0xffffff, max_idle_ns: 2085701024 ns
[    1.407952] NET: Registered protocol family 2
[    1.410744] TCP established hash table entries: 8192 (order: 4, 65536 bytes)
[    1.414069] TCP bind hash table entries: 8192 (order: 5, 131072 bytes)
[    1.418712] TCP: Hash tables configured (established 8192 bind 8192)
[    1.422147] UDP hash table entries: 512 (order: 2, 16384 bytes)
[    1.424848] UDP-Lite hash table entries: 512 (order: 2, 16384 bytes)
[    1.427482] NET: Registered protocol family 1
[    1.429287] pci 0000:00:00.0: Limiting direct PCI/PCI transfers
[    1.431652] pci 0000:00:01.0: Activating ISA DMA hang workarounds
[    1.434534] Unpacking initramfs...
[    1.815441] Freeing initrd memory: 14880K
[    1.817636] RAPL PMU detected, API unit is 2^-32 Joules, 4 fixed counters 10737418240 ms ovfl timer
[    1.827882] hw unit of domain pp0-core 2^-0 Joules
[    1.830499] hw unit of domain package 2^-0 Joules
[    1.832494] hw unit of domain dram 2^-0 Joules
[    1.834411] hw unit of domain pp1-gpu 2^-0 Joules
[    1.836019] clocksource: tsc: mask: 0xffffffffffffffff max_cycles: 0x171023f09ff, max_idle_ns: 440795233615 ns
[    1.840096] platform rtc_cmos: registered platform RTC device (no PNP device found)
[    1.843615] Scanning for low memory corruption every 60 seconds
[    1.846934] audit: initializing netlink subsys (disabled)
[    1.849079] audit: type=2000 audit(1587638035.985:1): initialized
[    1.851886] Initialise system trusted keyring
[    1.854029] HugeTLB registered 2 MB page size, pre-allocated 0 pages
[    1.860501] zbud: loaded
[    1.864543] VFS: Disk quotas dquot_6.6.0
[    1.866620] VFS: Dquot-cache hash table entries: 512 (order 0, 4096 bytes)
[    1.870913] squashfs: version 4.0 (2009/01/31) Phillip Lougher
[    1.874171] fuse init (API version 7.23)
[    1.877915] Key type big_key registered
[    1.879831] Allocating IMA MOK and blacklist keyrings.
[    1.890962] Key type asymmetric registered
[    1.892956] Asymmetric key parser 'x509' registered
[    1.895177] Block layer SCSI generic (bsg) driver version 0.4 loaded (major 249)
[    1.898424] io scheduler noop registered
[    1.900211] io scheduler deadline registered (default)
[    1.902650] io scheduler cfq registered
[    1.904573] pci_hotplug: PCI Hot Plug PCI Core version: 0.5
[    1.907523] pciehp: PCI Express Hot Plug Controller Driver version: 0.4
[    1.910494] ACPI: AC Adapter [AC] (on-line)
[    1.912430] input: Power Button as /devices/LNXSYSTM:00/LNXPWRBN:00/input/input0
[    1.915224] ACPI: Power Button [PWRF]
[    1.917161] input: Sleep Button as /devices/LNXSYSTM:00/LNXSLPBN:00/input/input1
[    1.920525] ACPI: Sleep Button [SLPF]
[    1.925947] ACPI: Battery Slot [BAT0] (battery present)
[    1.930416] GHES: HEST is not enabled!
[    1.933484] Serial: 8250/16550 driver, 32 ports, IRQ sharing enabled
[    1.960800] 00:02: ttyS0 at I/O 0x3f8 (irq = 4, base_baud = 115200) is a 16550A
[    1.965974] Linux agpgart interface v0.103
[    1.970587] loop: module loaded
[    1.974176] scsi host0: ata_piix
[    1.976384] scsi host1: ata_piix
[    1.977916] ata1: PATA max UDMA/33 cmd 0x1f0 ctl 0x3f6 bmdma 0xd000 irq 14
[    1.981029] ata2: PATA max UDMA/33 cmd 0x170 ctl 0x376 bmdma 0xd008 irq 15
[    1.983650] libphy: Fixed MDIO Bus: probed
[    1.985696] tun: Universal TUN/TAP device driver, 1.6
[    1.988017] tun: (C) 1999-2004 Max Krasnyansky <maxk@qualcomm.com>
[    1.991943] PPP generic driver version 2.4.2
[    1.997078] ehci_hcd: USB 2.0 'Enhanced' Host Controller (EHCI) Driver
[    2.000953] ehci-pci: EHCI PCI platform driver
[    2.004671] ehci-platform: EHCI generic platform driver
[    2.009858] ohci_hcd: USB 1.1 'Open' Host Controller (OHCI) Driver
[    2.019040] ohci-pci: OHCI PCI platform driver
[    2.033674] ohci-platform: OHCI generic platform driver
[    2.036932] uhci_hcd: USB Universal Host Controller Interface driver
[    2.041681] i8042: PNP: PS/2 Controller [PNP0303:PS2K,PNP0f03:PS2M] at 0x60,0x64 irq 1,12
[    2.046911] serio: i8042 KBD port at 0x60,0x64 irq 1
[    2.049290] serio: i8042 AUX port at 0x60,0x64 irq 12
[    2.052046] mousedev: PS/2 mouse device common for all mice
[    2.056396] rtc_cmos rtc_cmos: rtc core: registered rtc_cmos as rtc0
[    2.059955] rtc_cmos rtc_cmos: alarms up to one day, 114 bytes nvram
[    2.066915] i2c /dev entries driver
[    2.071132] device-mapper: uevent: version 1.0.3
[    2.074224] input: AT Translated Set 2 keyboard as /devices/platform/i8042/serio0/input/input2
[    2.083735] device-mapper: ioctl: 4.34.0-ioctl (2015-10-28) initialised: dm-devel@redhat.com
[    2.088347] ledtrig-cpu: registered to indicate activity on CPUs
[    2.097348] NET: Registered protocol family 10
[    2.101772] NET: Registered protocol family 17
[    2.105219] Key type dns_resolver registered
[    2.109474] registered taskstats version 1
[    2.112812] Loading compiled-in X.509 certificates
[    2.118720] Loaded X.509 cert 'Build time autogenerated kernel key: c2b7431ed9258328a3a0cf301f850647788d8e61'
[    2.129655] zswap: loaded using pool lzo/zbud
[    2.189162] Key type trusted registered
[    2.215852] Key type encrypted registered
[    2.220633] AppArmor: AppArmor sha1 policy hashing enabled
[    2.227466] ima: No TPM chip found, activating TPM-bypass!
[    2.235502] ima: Allocated hash algorithm: sha1
[    2.240096] evm: HMAC attrs: 0x1
[    2.242533]   Magic number: 0:804:578
[    2.244213] platform pcspkr: hash matches
[    2.246118] rtc_cmos rtc_cmos: setting system clock to 2020-04-23 10:33:50 UTC (1587638030)
[    2.249589] BIOS EDD facility v0.16 2004-Jun-25, 0 devices found
[    2.252806] EDD information not available.
[    2.257752] Freeing unused kernel memory: 1488K
[    2.260772] Write protecting the kernel read-only data: 14336k
[    2.269664] Freeing unused kernel memory: 1604K
[    2.274338] Freeing unused kernel memory: 64K
Loading, please wait...
starting version 229
[    2.310324] random: systemd-udevd: uninitialized urandom read (16 bytes read, 5 bits of entropy available)
[    2.310953] random: udevadm: uninitialized urandom read (16 bytes read, 5 bits of entropy available)
[    2.310974] random: udevadm: uninitialized urandom read (16 bytes read, 5 bits of entropy available)
[    2.324023] random: udevadm: uninitialized urandom read (16 bytes read, 5 bits of entropy available)
[    2.324096] random: udevadm: uninitialized urandom read (16 bytes read, 5 bits of entropy available)
[    2.324742] random: udevadm: uninitialized urandom read (16 bytes read, 5 bits of entropy available)
[    2.324835] random: udevadm: uninitialized urandom read (16 bytes read, 5 bits of entropy available)
[    2.324922] random: udevadm: uninitialized urandom read (16 bytes read, 5 bits of entropy available)
[    2.325008] random: udevadm: uninitialized urandom read (16 bytes read, 5 bits of entropy available)
[    2.325088] random: udevadm: uninitialized urandom read (16 bytes read, 5 bits of entropy available)
[    2.464926] e1000: Intel(R) PRO/1000 Network Driver - version 7.3.21-k8-NAPI
[    2.475985] e1000: Copyright (c) 1999-2006 Intel Corporation.
[    2.476066] Fusion MPT base driver 3.04.20
[    2.476066] Copyright (c) 1999-2008 LSI Corporation
[    2.527977] Fusion MPT SPI Host driver 3.04.20
[    2.601252] AVX2 version of gcm_enc/dec engaged.
[    2.606600] AES CTR mode by8 optimization enabled
[    2.710050] input: ImExPS/2 Generic Explorer Mouse as /devices/platform/i8042/serio1/input/input4
[    3.946247] e1000 0000:00:03.0 eth0: (PCI:33MHz:32-bit) 02:90:e9:96:cf:60
[    3.955390] e1000 0000:00:03.0 eth0: Intel(R) PRO/1000 Network Connection
[    5.743883] e1000 0000:00:08.0 eth1: (PCI:33MHz:32-bit) 08:00:27:62:2f:52
[    5.746837] e1000 0000:00:08.0 eth1: Intel(R) PRO/1000 Network Connection
[    5.751968] mptbase: ioc0: Initiating bringup
[    5.756589] e1000 0000:00:08.0 enp0s8: renamed from eth1
[    5.773297] e1000 0000:00:03.0 enp0s3: renamed from eth0
[    5.828633] ioc0: LSI53C1030 A0: Capabilities={Initiator}
[    8.621834] scsi host2: ioc0: LSI53C1030 A0, FwRev=00000000h, Ports=1, MaxQ=256, IRQ=20
[    9.724307] scsi 2:0:0:0: Direct-Access     VBOX     HARDDISK         1.0  PQ: 0 ANSI: 5
[    9.746171] scsi target2:0:0: Beginning Domain Validation
[    9.751454] scsi target2:0:0: Domain Validation skipping write tests
[    9.755829] scsi target2:0:0: Ending Domain Validation
[    9.762092] scsi target2:0:0: asynchronous
[    9.767530] scsi 2:0:1:0: Direct-Access     VBOX     HARDDISK         1.0  PQ: 0 ANSI: 5
[    9.786164] scsi target2:0:1: Beginning Domain Validation
[    9.791949] scsi target2:0:1: Domain Validation skipping write tests
[    9.794765] scsi target2:0:1: Ending Domain Validation
[    9.797564] scsi target2:0:1: asynchronous
[    9.815971] sd 2:0:0:0: [sda] 20971520 512-byte logical blocks: (10.7 GB/10.0 GiB)
[    9.816639] sd 2:0:0:0: Attached scsi generic sg0 type 0
[    9.830629] sd 2:0:0:0: [sda] Write Protect is off
[    9.835485] sd 2:0:1:0: Attached scsi generic sg1 type 0
[    9.840211] sd 2:0:1:0: [sdb] 20480 512-byte logical blocks: (10.5 MB/10.0 MiB)
[    9.840433] sd 2:0:0:0: [sda] Incomplete mode parameter data
[    9.840435] sd 2:0:0:0: [sda] Assuming drive cache: write through
[    9.845975]  sda: sda1
[    9.847209] sd 2:0:0:0: [sda] Attached SCSI disk
[    9.854501] sd 2:0:1:0: [sdb] Write Protect is off
[    9.857279] sd 2:0:1:0: [sdb] Incomplete mode parameter data
[    9.859524] sd 2:0:1:0: [sdb] Assuming drive cache: write through
[    9.867162] sd 2:0:1:0: [sdb] Attached SCSI disk
Begin: Loading essential drivers ... [   11.528589] md: linear personality registered for level -1
[   11.537178] md: multipath personality registered for level -4
[   11.544009] md: raid0 personality registered for level 0
[   11.553176] md: raid1 personality registered for level 1
[   11.642107] raid6: sse2x1   gen()  2807 MB/s
[   11.736436] raid6: sse2x1   xor()   831 MB/s
[   11.816672] raid6: sse2x2   gen()  1724 MB/s
[   11.885428] raid6: sse2x2   xor()  3172 MB/s
[   11.956523] raid6: sse2x4   gen()  2224 MB/s
[   12.034300] raid6: sse2x4   xor()  3465 MB/s
[   12.104297] raid6: avx2x1   gen()  8825 MB/s
[   12.172972] raid6: avx2x2   gen() 11179 MB/s
[   12.240444] raid6: avx2x4   gen() 13127 MB/s
[   12.242500] raid6: using algorithm avx2x4 gen() 13127 MB/s
[   12.245823] raid6: using avx2x2 recovery algorithm
[   12.253859] xor: automatically using best checksumming function:
[   12.298296]    avx       : 22082.000 MB/sec
[   12.315284] async_tx: api initialized (async)
[   12.338677] md: raid6 personality registered for level 6
[   12.342580] md: raid5 personality registered for level 5
[   12.345229] md: raid4 personality registered for level 4
[   12.358980] md: raid10 personality registered for level 10
done.
Begin: Running /scripts/init-premount ... done.
Begin: Mounting root file system ... Begin: Running /scripts/local-top ... done.
Begin: Running /scripts/local-premount ... [   12.450459] Btrfs loaded
Scanning for Btrfs filesystems
done.
Warning: fsck not present, so skipping root file system
[   12.623526] EXT4-fs (sda1): mounted filesystem with ordered data mode. Opts: (null)
done.
Begin: Running /scripts/local-bottom ... done.
Begin: Running /scripts/init-bottom ... done.
[   12.881937] systemd[1]: systemd 229 running in system mode. (+PAM +AUDIT +SELINUX +IMA +APPARMOR +SMACK +SYSVINIT +UTMP +LIBCRYPTSETUP +GCRYPT +GNUTLS +ACL +XZ -LZ4 +SECCOMP +BLKID +ELFUTILS +KMOD -IDN)
[   12.890440] systemd[1]: Detected virtualization oracle.
[   12.892273] systemd[1]: Detected architecture x86-64.

Welcome to [1mUbuntu 16.04.6 LTS[0m!

[   12.914004] systemd[1]: Set hostname to <ubuntu>.
[   12.919377] systemd[1]: Initializing machine ID from random generator.
[   12.924094] systemd[1]: Installed transient /etc/machine-id file.
[   13.205296] systemd[1]: Reached target User and Group Name Lookups.
[[0;32m  OK  [0m] Reached target User and Group Name Lookups.
[   13.211571] systemd[1]: Set up automount Arbitrary Executable File Formats File System Automount Point.
[[0;32m  OK  [0m] Set up automount Arbitrary Executab...ats File System Automount Point.
[   13.219682] systemd[1]: Created slice System Slice.
[[0;32m  OK  [0m] Created slice System Slice.
[   13.224396] systemd[1]: Listening on LVM2 metadata daemon socket.
[[0;32m  OK  [0m] Listening on LVM2 metadata daemon socket.
[   13.229553] systemd[1]: Listening on Journal Audit Socket.
[[0;32m  OK  [0m] Listening on Journal Audit Socket.
[   13.245117] systemd[1]: Listening on LVM2 poll daemon socket.
[[0;32m  OK  [0m] Listening on LVM2 poll daemon socket.
[   13.254638] systemd[1]: Created slice system-serial\x2dgetty.slice.
[[0;32m  OK  [0m] Created slice system-serial\x2dgetty.slice.
[   13.266212] systemd[1]: Listening on Journal Socket.
[[0;32m  OK  [0m] Listening on Journal Socket.
[   13.285095] systemd[1]: Starting Remount Root and Kernel File Systems...
[   13.287935] random: nonblocking pool is initialized
[   13.292076] EXT4-fs (sda1): re-mounted. Opts: (null)
         Starting Remount Root and Kernel File Systems...
[   13.306695] systemd[1]: Starting Load Kernel Modules...
         Starting Load Kernel Modules...
[   13.315423] systemd[1]: Starting Uncomplicated firewall...
         Starting Uncomplicated firewall...
[   13.331951] systemd[1]: Starting Nameserver information manager...
         Starting Nameserver information manager...
[   13.338690] Loading iSCSI transport class v2.0-870.
[   13.341067] systemd[1]: Reached target Swap.
[[0;32m  OK  [0m] Reached target Swap.
[   13.346423] systemd[1]: Reached target Encrypted Volumes.
[[0;32m  OK  [0m] Reached target Encrypted Volumes.
[   13.355888] iscsi: registered transport (tcp)
[   13.373065] systemd[1]: Starting Set console keymap...
         Starting Set console keymap...
[   13.385924] systemd[1]: Listening on udev Control Socket.
[[0;32m  OK  [0m] Listening on udev Control Socket.
[   13.398872] systemd[1]: Mounting Debug File System...
         Mounting Debug File System...
[   13.421141] systemd[1]: Reached target System Time Synchronized.
[[0;32m  OK  [0m] Reached target System Time Synchronized.
[   13.428010] systemd[1]: Mounting POSIX Message Queue File System...
         Mounting POSIX Message Queue File System...
[   13.433965] systemd[1]: Listening on /dev/initctl Compatibility Named Pipe.
[[0;32m  OK  [0m] Listening on /dev/initctl Compatibility Named Pipe.
[   13.450711] systemd[1]: Listening on Journal Socket (/dev/log).
[[0;32m  OK  [0m] Listening on Journal Socket (/dev/log).
[   13.464548] iscsi: registered transport (iser)
[   13.481028] systemd[1]: Mounting Huge Pages File System...
         Mounting Huge Pages File System...
[   13.487095] systemd[1]: Created slice User and Session Slice.
[[0;32m  OK  [0m] Created slice User and Session Slice.
[   13.493624] systemd[1]: Reached target Slices.
[[0;32m  OK  [0m] Reached target Slices.
[   13.497976] systemd[1]: Listening on Syslog Socket.
[[0;32m  OK  [0m] Listening on Syslog Socket.
[   13.503362] systemd[1]: Listening on udev Kernel Socket.
[[0;32m  OK  [0m] Listening on udev Kernel Socket.
[   13.515806] systemd[1]: Started Forward Password Requests to Wall Directory Watch.
[[0;32m  OK  [0m] Started Forward Password Requests to Wall Directory Watch.
[   13.537659] systemd[1]: Starting Create list of required static device nodes for the current kernel...
         Starting Create list of required st... nodes for the current kernel...
[   13.546372] systemd[1]: Started Trigger resolvconf update for networkd DNS.
[[0;32m  OK  [0m] Started Trigger resolvconf update for networkd DNS.
[   13.552985] systemd[1]: Starting Journal Service...
         Starting Journal Service...
[   13.559196] systemd[1]: Listening on Device-mapper event daemon FIFOs.
[[0;32m  OK  [0m] Listening on Device-mapper event daemon FIFOs.
[   13.565229] systemd[1]: Starting Monitoring of LVM2 mirrors, snapshots etc. using dmeventd or progress polling...
         Starting Monitoring of LVM2 mirrors... dmeventd or progress polling...
[   13.589421] systemd[1]: Mounted POSIX Message Queue File System.
[[0;32m  OK  [0m] Mounted POSIX Message Queue File System.
[   13.601605] systemd[1]: Mounted Huge Pages File System.
[[0;32m  OK  [0m] Mounted Huge Pages File System.
[   13.617844] systemd[1]: Mounted Debug File System.
[[0;32m  OK  [0m] Mounted Debug File System.
[   13.624160] systemd[1]: Started Journal Service.
[[0;32m  OK  [0m] Started Journal Service.
[[0;32m  OK  [0m] Started Remount Root and Kernel File Systems.
[[0;32m  OK  [0m] Started Load Kernel Modules.
[[0;32m  OK  [0m] Started Uncomplicated firewall.
[[0;32m  OK  [0m] Started Set console keymap.
[[0;32m  OK  [0m] Started Create list of required sta...ce nodes for the current kernel.
[[0;32m  OK  [0m] Started Nameserver information manager.
[[0;32m  OK  [0m] Started LVM2 metadata daemon.
         Starting Create Static Device Nodes in /dev...
         Mounting FUSE Control File System...
         Starting Apply Kernel Variables...
         Starting Load/Save Random Seed...
         Starting udev Coldplug all Devices...
         Starting Flush Journal to Persistent Storage...
[[0;32m  OK  [0m] Mounted FUSE Control File System.
[[0;32m  OK  [0m] Started Create Static Device Nodes in /dev.
[[0;32m  OK  [0m] Started Apply Kernel Variables.
[[0;32m  OK  [0m] Started Load/Save Random Seed.
         Starting udev Kernel Device Manager...
[[0;32m  OK  [0m] Started Monitoring of LVM2 mirrors,...ng dmeventd or progress polling.
[[0;32m  OK  [0m] Started Flush Journal to Persistent Storage.
[[0;32m  OK  [0m] Reached target Local File Systems (Pre).
[[0;32m  OK  [0m] Reached target Local File Systems.
         Starting LSB: AppArmor initialization...
         Starting Set console font and keymap...
         Starting Tell Plymouth To Write Out Runtime Data...
         Starting Initial cloud-init job (pre-networking)...
         Starting Commit a transient machine-id on disk...
         Starting Create Volatile Files and Directories...
[[0;32m  OK  [0m] Started udev Kernel Device Manager.
[[0;32m  OK  [0m] Started udev Coldplug all Devices.
[[0;32m  OK  [0m] Started Dispatch Password Requests to Console Directory Watch.
[[0;32m  OK  [0m] Started Create Volatile Files and Directories.
         Starting Update UTMP about System Boot/Shutdown...
[[0;32m  OK  [0m] Started Tell Plymouth To Write Out Runtime Data.
[[0;32m  OK  [0m] Started Commit a transient machine-id on disk.
[[0;32m  OK  [0m] Started Update UTMP about System Boot/Shutdown.
[[0;32m  OK  [0m] Found device /dev/ttyS0.
[[0;32m  OK  [0m] Listening on Load/Save RF Kill Switch Status /dev/rfkill Watch.
[[0;32m  OK  [0m] Started LSB: AppArmor initialization.
[[0;32m  OK  [0m] Started Set console font and keymap.
[[0;32m  OK  [0m] Created slice system-getty.slice.
[   17.888687] cloud-init[481]: Cloud-init v. 19.4-33-gbb4131a2-0ubuntu1~16.04.1 running 'init-local' at Thu, 23 Apr 2020 10:34:06 +0000. Up 17.15 seconds.
[[0;32m  OK  [0m] Started Initial cloud-init job (pre-networking).
[[0;32m  OK  [0m] Reached target Network (Pre).
         Starting Raise network interfaces...
[[0;32m  OK  [0m] Started Raise network interfaces.
[[0;32m  OK  [0m] Reached target Network.
         Starting Initial cloud-init job (metadata service crawler)...
[   20.219398] cloud-init[967]: Cloud-init v. 19.4-33-gbb4131a2-0ubuntu1~16.04.1 running 'init' at Thu, 23 Apr 2020 10:34:08 +0000. Up 19.13 seconds.
[   20.226304] cloud-init[967]: ci-info: ++++++++++++++++++++++++++++++++++++++Net device info+++++++++++++++++++++++++++++++++++++++
[   20.244630] cloud-init[967]: ci-info: +--------+-------+----------------------------+---------------+--------+-------------------+
[   20.253803] cloud-init[967]: ci-info: | Device |   Up  |          Address           |      Mask     | Scope  |     Hw-Address    |
[   20.260808] cloud-init[967]: ci-info: +--------+-------+----------------------------+---------------+--------+-------------------+
[   20.267748] cloud-init[967]: ci-info: | enp0s3 |  True |         10.0.2.15          | 255.255.255.0 | global | 02:90:e9:96:cf:60 |
[   20.274421] cloud-init[967]: ci-info: | enp0s3 |  True | fe80::90:e9ff:fe96:cf60/64 |       .       |  link  | 02:90:e9:96:cf:60 |
[   20.279473] cloud-init[967]: ci-info: | enp0s8 | False |             .              |       .       |   .    | 08:00:27:62:2f:52 |
[   20.285292] cloud-init[967]: ci-info: |   lo   |  True |         127.0.0.1          |   255.0.0.0   |  host  |         .         |
[   20.289598] cloud-init[967]: ci-info: |   lo   |  True |          ::1/128           |       .       |  host  |         .         |
[   20.294818] cloud-init[967]: ci-info: +--------+-------+----------------------------+---------------+--------+-------------------+
[   20.304620] cloud-init[967]: ci-info: +++++++++++++++++++++++++++Route IPv4 info++++++++++++++++++++++++++++
[   20.310404] cloud-init[967]: ci-info: +-------+-------------+----------+---------------+-----------+-------+
[   20.318990] cloud-init[967]: ci-info: | Route | Destination | Gateway  |    Genmask    | Interface | Flags |
[   20.323656] cloud-init[967]: ci-info: +-------+-------------+----------+---------------+-----------+-------+
[   20.335026] cloud-init[967]: ci-info: |   0   |   0.0.0.0   | 10.0.2.2 |    0.0.0.0    |   enp0s3  |   UG  |
[   20.345235] cloud-init[967]: ci-info: |   1   |   10.0.2.0  | 0.0.0.0  | 255.255.255.0 |   enp0s3  |   U   |
[   20.349232] cloud-init[967]: ci-info: +-------+-------------+----------+---------------+-----------+-------+
[   20.354662] cloud-init[967]: ci-info: +++++++++++++++++++Route IPv6 info+++++++++++++++++++
[   20.359103] cloud-init[967]: ci-info: +-------+-------------+---------+-----------+-------+
[   20.363823] cloud-init[967]: ci-info: | Route | Destination | Gateway | Interface | Flags |
[   20.373993] cloud-init[967]: ci-info: +-------+-------------+---------+-----------+-------+
[   20.378872] cloud-init[967]: ci-info: |   0   |  fe80::/64  |    ::   |   enp0s3  |   U   |
[   20.384574] cloud-init[967]: ci-info: |   3   |   ff00::/8  |    ::   |   enp0s3  |   U   |
[   20.389211] cloud-init[967]: ci-info: +-------+-------------+---------+-----------+-------+
[   20.394621] cloud-init[967]: Generating public/private rsa key pair.
[   20.398330] cloud-init[967]: Your identification has been saved in /etc/ssh/ssh_host_rsa_key.
[   20.401592] cloud-init[967]: Your public key has been saved in /etc/ssh/ssh_host_rsa_key.pub.
[   20.406745] cloud-init[967]: The key fingerprint is:
[   20.409237] cloud-init[967]: SHA256:pfEK8i/ptxUaFrtI6xDkFwepm5tDqiJvEkEOUSje3hI root@ubuntu-xenial
[   20.412932] cloud-init[967]: The key's randomart image is:
[   20.418021] cloud-init[967]: +---[RSA 2048]----+
[   20.423422] cloud-init[967]: |.+.   ..         |
[   20.426336] cloud-init[967]: |+.    ..         |
[   20.428630] cloud-init[967]: |* . ... + .      |
[   20.431023] cloud-init[967]: |.o E.  o B       |
[   20.439025] cloud-init[967]: | .. *o+ S o      |
[   20.442234] cloud-init[967]: |.  o+B = = .     |
[   20.445778] cloud-init[967]: | . ooo+.+ .      |
[   20.448833] cloud-init[967]: |+ o +oo...       |
[   20.453305] cloud-init[967]: |+=.  oooo.       |
[   20.456004] cloud-init[967]: +----[SHA256]-----+
[   20.458093] cloud-init[967]: Generating public/private dsa key pair.
[   20.466222] cloud-init[967]: Your identification has been saved in /etc/ssh/ssh_host_dsa_key.
[   20.469930] cloud-init[967]: Your public key has been saved in /etc/ssh/ssh_host_dsa_key.pub.
[   20.473679] cloud-init[967]: The key fingerprint is:
[   20.475917] cloud-init[967]: SHA256:mONlpsSHjHsRwTkV2hYC5tqV06ykG7LY9ZafcmBRQIw root@ubuntu-xenial
[   20.479512] cloud-init[967]: The key's randomart image is:
[   20.481100] cloud-init[967]: +---[DSA 1024]----+
[   20.482928] cloud-init[967]: |    o*=++.       |
[   20.484681] cloud-init[967]: |   oE =O..       |
[   20.486326] cloud-init[967]: |    . Bo=        |
[   20.488116] cloud-init[967]: |   o B.O         |
[   20.490132] cloud-init[967]: |  o * @.S        |
[   20.492387] cloud-init[967]: | o + BoX         |
[   20.494508] cloud-init[967]: |. o o.B.         |
[[0;32m  OK  [0m] Started Initial cloud-init job (metadata service crawler).
[   20.502839] cloud-init[967]: |     o....       |
[   20.509929] [[0;32m  OK  [0m] Reached target System Initialization.
[[0;32m  OK  [0m] Started Daily apt download activities.
[[0;32m  OK  [0m] Started Daily apt upgrade and clean activities.
cloud-init[967]: |       oo        |
[   20.520320] [[0;32m  OK  [0m] Listening on UUID daemon activation socket.
cloud-init[967]: +----[SHA256]-----+
[[0;32m  OK  [0m] Started Daily Cleanup of Temporary Directories.
[[0;32m  OK  [0m] Started Message of the Day.
[   20.524576] cloud-init[967]: Generating public/private ecdsa key pair.
[[0;32m  OK  [0m] Started ACPI Events Check.
[[0;32m  OK  [0m] Reached target Paths.
[   20.540898] [[0;32m  OK  [0m] Reached target Timers.
cloud-init[967]: Your identification has been saved in /etc/ssh/ssh_host_ecdsa_key.
         Starting LXD - unix socket.
[[0;32m  OK  [0m[   20.547942] ] cloud-initListening on ACPID Listen Socket.[967]: 
Your public key has been saved in /etc/ssh/ssh_host_ecdsa_key.pub.
[   20.561004] [[0;32m  OK  [0m] Listening on D-Bus System Message Bus Socket.
         Starting Socket activation for snappy daemon.
cloud-init[967]: The key fingerprint is:
[[0;32m  OK  [0m] Reached target Network is Online.
[   20.563203] cloud-init[967]: SHA256:VWNkqwEBw2d9YPoyrPoMx8+aBI1knscuCj8GVX7+cZQ root@ubuntu-xenial
[   20.580629] cloud-init[967]: The key's randomart image is:
[   20.584500] cloud-init[967]: +---[ECDSA 256]---+
[   20.589231] cloud-init[967]: |     .o.oooo*    |
         Starting iSCSI initiator daemon (iscsid)...
[   20.601380] [cloud-init[0;32m  OK  [0m[967]: ] |    . ..o+.+.o   |Reached target Cloud-config availability.

[   20.612126] cloud-init[967]: |   oo  o. oo.    |
[[0;32m  OK  [0m] Listening on LXD - unix socket.
[   20.621556] [cloud-init[0;32m  OK  [0m[967]: ] |  .+.=.. oEo     |Listening on Socket activation for snappy daemon.

[   20.626446] cloud-init[967]: | .  =o+ S.o      |
[[0;32m  OK  [0m] Reached target Sockets.
[   20.635771] cloud-init[967]: |.    =...o.      |
[[0;32m  OK  [0m] Reached target Basic System.
[   20.647337] cloud-init[967]: |..  o *. o       |
[   20.661319] cloud-init[967]: | oo. B +.        |
         Starting Virtualbox guest utils...
         Starting System Logging Service...
         Starting LSB: MD monitoring daemon...
         Starting /etc/rc.local Compatibility...
[   20.670563] cloud-init[967]: | .o...=.o        |
[   20.694805] cloud-init[967]: +----[SHA256]-----+
         Starting Pollinate to seed the pseudo random number generator...
[   20.743910] cloud-init[967]: Generating public/private ed25519 key pair.
[[0;32m  OK  [0m] Started FUSE filesystem for LXC.
[   20.771448] cloud-init[967]: Your identification has been saved in /etc/ssh/ssh_host_ed25519_key.
[   20.800739] cloud-init[967]: Your public key has been saved in /etc/ssh/ssh_host_ed25519_key.pub.
[   20.803395]          Starting Snappy daemon...
         Starting Accounts Service...
cloud-init[967]: The key fingerprint is:
[[0;32m  OK  [0m] Started ACPI event daemon.
[[0;32m  OK  [0m] Started D-Bus System Message Bus.
[   20.829971] cloud-init[967]: SHA256:RzZVl5GyQ3BqBBzeZ1oSLh2t0I2BtqAj73kUQMiejSM root@ubuntu-xenial
[   20.861510] cloud-init[967]: The key's randomart image is:
[   20.875740] cloud-init[967]: +--[ED25519 256]--+
[   20.884215] cloud-init[967]: |  . o.  .o=*Bo..=|
[   20.893032] cloud-init[967]: |   o . ..==+== + |
[   20.896537] cloud-init[967]: |  . + o oo*Bo+o  |
[   20.901052] cloud-init[967]: | E * + . +oo*o   |
[   20.918845] cloud-init[967]: |  . + . S ..  .  |
[   20.936149] cloud-init[967]: |     . . .       |
[   20.948338] cloud-init[967]: |    . o          |
[   20.956678] cloud-init[967]: |     o .         |
[   20.964655] cloud-init[967]: |      .          |
[   20.968707] cloud-init[967]: +----[SHA256]-----+
[[0;32m  OK  [0m] Started Deferred execution scheduler.
[[0;32m  OK  [0m] Started Regular background program processing daemon.
         Starting Login Service...
         Starting LSB: Record successful boot for GRUB...
         Starting LXD - container startup/shutdown...
[[0;32m  OK  [0m] Started System Logging Service.
[[0;32m  OK  [0m] Started /etc/rc.local Compatibility.
[[0;32m  OK  [0m] Started iSCSI initiator daemon (iscsid).
         Starting Login to default iSCSI targets...
[[0;32m  OK  [0m] Started Login Service.
[[0;32m  OK  [0m] Started Unattended Upgrades Shutdown.
         Starting Authenticate and Authorize Users to Run Privileged Tasks...
[[0;32m  OK  [0m] Started LSB: MD monitoring daemon.
[[0;32m  OK  [0m] Started LSB: Record successful boot for GRUB.
[[0;32m  OK  [0m] Started Login to default iSCSI targets.
[[0;32m  OK  [0m] Reached target Remote File Systems (Pre).
[[0;32m  OK  [0m] Reached target Remote File Systems.
         Starting Permit User Sessions...
         Starting LSB: Set the CPU Frequency Scaling governor to "ondemand"...
         Starting LSB: automatic crash report generation...
         Starting LSB: daemon to balance interrupts for SMP systems...
[[0;32m  OK  [0m] Started Permit User Sessions.
         Starting Terminate Plymouth Boot Screen...
         Starting Hold until boot process finishes up...
[[0;32m  OK  [0m] Started Terminate Plymouth Boot Screen.
[[0;32m  OK  [0m] Started Hold until boot process finishes up.
[[0;32m  OK  [0m] Started Serial Getty on ttyS0.
         Starting Set console scheme...
[[0;32m  OK  [0m] Started Getty on tty1.
[[0;32m  OK  [0m] Reached target Login Prompts.
[[0;32m  OK  [0m] Started Set console scheme.
[[0;32m  OK  [0m] Started Authenticate and Authorize Users to Run Privileged Tasks.
[[0;32m  OK  [0m] Started Accounts Service.
[[0;32m  OK  [0m] Started LXD - container startup/shutdown.
[[0;32m  OK  [0m] Started LSB: daemon to balance interrupts for SMP systems.
[[0;32m  OK  [0m] Started LSB: Set the CPU Frequency Scaling governor to "ondemand".
[[0;32m  OK  [0m] Started LSB: automatic crash report generation.
[[0;32m  OK  [0m] Started Virtualbox guest utils.
[[0;32m  OK  [0m] Started Snappy daemon.
         Starting Wait until snapd is fully seeded...
[[0;32m  OK  [0m] Started Pollinate to seed the pseudo random number generator.
         Starting OpenBSD Secure Shell server...
[[0;32m  OK  [0m] Started OpenBSD Secure Shell server.
[[0;32m  OK  [0m] Started Wait until snapd is fully seeded.
         Starting Apply the settings specified in cloud-config...
[[0;32m  OK  [0m] Reached target Multi-User System.
[[0;32m  OK  [0m] Reached target Graphical Interface.
         Starting Update UTMP about System Runlevel Changes...
[[0;32m  OK  [0m] Started Update UTMP about System Runlevel Changes.
[   23.775013] cloud-init[1337]: Generating locales (this might take a while)...
[   25.633155] cloud-init[1337]:   en_US.UTF-8... done
[   25.641251] cloud-init[1337]: Generation complete.
[   26.277837] cloud-init[1337]: Cloud-init v. 19.4-33-gbb4131a2-0ubuntu1~16.04.1 running 'modules:config' at Thu, 23 Apr 2020 10:34:12 +0000. Up 23.57 seconds.
[[0;32m  OK  [0m] Started Apply the settings specified in cloud-config.
         Starting Execute cloud user/final scripts...

Ubuntu 16.04.6 LTS ubuntu-xenial ttyS0

ubuntu-xenial login: ci-info: no authorized SSH keys fingerprints found for user ubuntu.
<14>Apr 23 10:34:17 ec2: 
<14>Apr 23 10:34:17 ec2: #############################################################
<14>Apr 23 10:34:17 ec2: -----BEGIN SSH HOST KEY FINGERPRINTS-----
<14>Apr 23 10:34:17 ec2: 1024 SHA256:mONlpsSHjHsRwTkV2hYC5tqV06ykG7LY9ZafcmBRQIw root@ubuntu-xenial (DSA)
<14>Apr 23 10:34:17 ec2: 256 SHA256:VWNkqwEBw2d9YPoyrPoMx8+aBI1knscuCj8GVX7+cZQ root@ubuntu-xenial (ECDSA)
<14>Apr 23 10:34:17 ec2: 256 SHA256:RzZVl5GyQ3BqBBzeZ1oSLh2t0I2BtqAj73kUQMiejSM root@ubuntu-xenial (ED25519)
<14>Apr 23 10:34:17 ec2: 2048 SHA256:pfEK8i/ptxUaFrtI6xDkFwepm5tDqiJvEkEOUSje3hI root@ubuntu-xenial (RSA)
<14>Apr 23 10:34:17 ec2: -----END SSH HOST KEY FINGERPRINTS-----
<14>Apr 23 10:34:17 ec2: #############################################################
-----BEGIN SSH HOST KEY KEYS-----
ecdsa-sha2-nistp256 AAAAE2VjZHNhLXNoYTItbmlzdHAyNTYAAAAIbmlzdHAyNTYAAABBBEdR6/Y5J6j28DUnotxWTz5JwupjxZq2k7DJTfxPdA1MsZsmtLIl5S8AbISNUMmdDfOT0I3hDvC7DiLThGlC/Lc= root@ubuntu-xenial
ssh-ed25519 AAAAC3NzaC1lZDI1NTE5AAAAIOzmqY0r1wpKMDwzHY/KDWQeD8kcujarEIMf19hDYdEo root@ubuntu-xenial
ssh-rsa AAAAB3NzaC1yc2EAAAADAQABAAABAQDGvy1LrS1+zoO8janM/nBrrvYoSheufS7/x2IF8OLquUdY0Lll9vC6UcQ/dGEMBVD/Ch0ErpQ59un4KIWK4NFdd55aRm5q6BdJLmOvM8HVamrDhO3pA/hcTv45HZpzKdNh5P1nn1mANEIWsCcTILnNgw27wHsOXQhXJS3ORDEXxXiH1s18BqL20lzasd/HECAn3tafK16EUJGBaGvoBaR3EsJ2DIyZ9NUN5v0KAQQuwqWUJrrDPFEF5d32NQodbEQcQRqtMNMBWIFboA/wKBJVN0fSN49jRDv6Ec6sZmmsydyNo9/PEGRE9gjfVgtnzq2VjNSND7GX/bvC6dm4lsib root@ubuntu-xenial
-----END SSH HOST KEY KEYS-----
[   28.328617] cloud-init[1378]: Cloud-init v. 19.4-33-gbb4131a2-0ubuntu1~16.04.1 running 'modules:final' at Thu, 23 Apr 2020 10:34:16 +0000. Up 28.04 seconds.
[   28.331441] cloud-init[1378]: ci-info: no authorized SSH keys fingerprints found for user ubuntu.
[   28.333066] cloud-init[1378]: Cloud-init v. 19.4-33-gbb4131a2-0ubuntu1~16.04.1 finished at Thu, 23 Apr 2020 10:34:17 +0000. Datasource DataSourceNoCloud [seed=/dev/sdb][dsmode=net].  Up 28.30 seconds
